<?xml version="1.0" encoding="UTF-8"?>
<!-- Generated by org.testng.reporters.JUnitXMLReporter -->
<testsuite ignored="0" hostname="DESKTOP-UBHOUU8" failures="1" tests="2" name="Test" time="14.272" errors="0" timestamp="2023-06-04T12:16:39 IST">
  <testcase classname="testclass.launch_google_test" name="sendkey" time="8.122"/>
  <testcase classname="testclass.launch_google_test" name="Failedmethod" time="0.001">
    <failure type="java.lang.Error" message="Unresolved compilation problems: 
	Syntax error, insert &amp;quot;VariableDeclarators&amp;quot; to complete LocalVariableDeclaration
	Syntax error, insert &amp;quot;;&amp;quot; to complete BlockStatements
">
      <![CDATA[java.lang.Error: Unresolved compilation problems: 
Syntax error, insert "VariableDeclarators" to complete LocalVariableDeclaration
Syntax error, insert ";" to complete BlockStatements

at pageclass.launch_google.getfailed(launch_google.java:27)
at testclass.launch_google_test.Failedmethod(launch_google_test.java:31)
at java.base/java.util.ArrayList.forEach(ArrayList.java:1511)
... Removed 25 stack frames]]>
    </failure>
  </testcase> <!-- Failedmethod -->
</testsuite> <!-- Test -->
